In file included from /home/runner/work/pgi-2025-the_grainy_riddles/pgi-2025-the_grainy_riddles/src/utils.c:4:
/home/runner/work/pgi-2025-the_grainy_riddles/pgi-2025-the_grainy_riddles/src/utils.h:1: error: unterminated #ifndef
    1 | #ifndef UTILS_H
      | 
In file included from /home/runner/work/pgi-2025-the_grainy_riddles/pgi-2025-the_grainy_riddles/src/features.c:5:
/home/runner/work/pgi-2025-the_grainy_riddles/pgi-2025-the_grainy_riddles/src/utils.h:1: error: unterminated #ifndef
    1 | #ifndef UTILS_H
      | 
gmake[2]: *** [CMakeFiles/freud.dir/build.make:121: CMakeFiles/freud.dir/src/utils.c.o] Error 1
gmake[2]: *** Waiting for unfinished jobs....
/home/runner/work/pgi-2025-the_grainy_riddles/pgi-2025-the_grainy_riddles/src/features.c: In function ‘mirror_horizontal’:
/home/runner/work/pgi-2025-the_grainy_riddles/pgi-2025-the_grainy_riddles/src/features.c:48:13: error: unknown type name ‘pixelRGB’
   48 |             pixelRGB*current_pixel=get_pixel(data,W,H,CH,X,Y);
      |             ^~~~~~~~
In file included from /home/runner/work/pgi-2025-the_grainy_riddles/pgi-2025-the_grainy_riddles/src/main.c:9:
/home/runner/work/pgi-2025-the_grainy_riddles/pgi-2025-the_grainy_riddles/src/utils.h:1: error: unterminated #ifndef
    1 | #ifndef UTILS_H
      | 
/home/runner/work/pgi-2025-the_grainy_riddles/pgi-2025-the_grainy_riddles/src/main.c: In function ‘main’:
/home/runner/work/pgi-2025-the_grainy_riddles/pgi-2025-the_grainy_riddles/src/features.c:48:36: warning: implicit declaration of function ‘get_pixel’; did you mean ‘first_pixel’? [-Wimplicit-function-declaration]
   48 |             pixelRGB*current_pixel=get_pixel(data,W,H,CH,X,Y);
      |                                    ^~~~~~~~~
      |                                    first_pixel
/home/runner/work/pgi-2025-the_grainy_riddles/pgi-2025-the_grainy_riddles/src/main.c:43:5: warning: implicit declaration of function ‘dimension’ [-Wimplicit-function-declaration]
   43 |     dimension(configuration.filenames[0]);
      |     ^~~~~~~~~
/home/runner/work/pgi-2025-the_grainy_riddles/pgi-2025-the_grainy_riddles/src/features.c:48:36: warning: initialization of ‘int *’ from ‘int’ makes pointer from integer without a cast [-Wint-conversion]
/home/runner/work/pgi-2025-the_grainy_riddles/pgi-2025-the_grainy_riddles/src/features.c:51:13: error: unknown type name ‘pixelRGB’
   51 |             pixelRGB*mirror_hor_pixel = get_pixel(mirror_hor_data,W,H,CH,Xnew,Ynew);
      |             ^~~~~~~~
/home/runner/work/pgi-2025-the_grainy_riddles/pgi-2025-the_grainy_riddles/src/features.c:51:41: warning: initialization of ‘int *’ from ‘int’ makes pointer from integer without a cast [-Wint-conversion]
   51 |             pixelRGB*mirror_hor_pixel = get_pixel(mirror_hor_data,W,H,CH,Xnew,Ynew);
      |                                         ^~~~~~~~~
/home/runner/work/pgi-2025-the_grainy_riddles/pgi-2025-the_grainy_riddles/src/features.c:52:29: error: request for member ‘R’ in something not a structure or union
   52 |             mirror_hor_pixel->R=current_pixel->R;
      |                             ^~
/home/runner/work/pgi-2025-the_grainy_riddles/pgi-2025-the_grainy_riddles/src/main.c:48:5: warning: implicit declaration of function ‘first_pixel’ [-Wimplicit-function-declaration]
   48 |     first_pixel(configuration.filenames[0]);
      |     ^~~~~~~~~~~
/home/runner/work/pgi-2025-the_grainy_riddles/pgi-2025-the_grainy_riddles/src/features.c:52:46: error: request for member ‘R’ in something not a structure or union
   52 |             mirror_hor_pixel->R=current_pixel->R;
      |                                              ^~
/home/runner/work/pgi-2025-the_grainy_riddles/pgi-2025-the_grainy_riddles/src/features.c:53:29: error: request for member ‘G’ in something not a structure or union
   53 |             mirror_hor_pixel->G=current_pixel->G;
      |                             ^~
/home/runner/work/pgi-2025-the_grainy_riddles/pgi-2025-the_grainy_riddles/src/features.c:53:46: error: request for member ‘G’ in something not a structure or union
   53 |             mirror_hor_pixel->G=current_pixel->G;
      |                                              ^~
/home/runner/work/pgi-2025-the_grainy_riddles/pgi-2025-the_grainy_riddles/src/features.c:54:29: error: request for member ‘B’ in something not a structure or union
   54 |             mirror_hor_pixel->B=current_pixel->B;
      |                             ^~
/home/runner/work/pgi-2025-the_grainy_riddles/pgi-2025-the_grainy_riddles/src/features.c:54:46: error: request for member ‘B’ in something not a structure or union
   54 |             mirror_hor_pixel->B=current_pixel->B;
      |                                              ^~
/home/runner/work/pgi-2025-the_grainy_riddles/pgi-2025-the_grainy_riddles/src/main.c:53:5: warning: implicit declaration of function ‘tenth_pixel’ [-Wimplicit-function-declaration]
   53 |     tenth_pixel(configuration.filenames[0]);
      |     ^~~~~~~~~~~
/home/runner/work/pgi-2025-the_grainy_riddles/pgi-2025-the_grainy_riddles/src/features.c: In function ‘print_pixel’:
/home/runner/work/pgi-2025-the_grainy_riddles/pgi-2025-the_grainy_riddles/src/features.c:79:5: error: unknown type name ‘pixelRGB’
   79 |     pixelRGB * pixel = get_pixel(data,W,H,CH,X,Y);
      |     ^~~~~~~~
/home/runner/work/pgi-2025-the_grainy_riddles/pgi-2025-the_grainy_riddles/src/features.c:79:24: warning: initialization of ‘int *’ from ‘int’ makes pointer from integer without a cast [-Wint-conversion]
   79 |     pixelRGB * pixel = get_pixel(data,W,H,CH,X,Y);
      |                        ^~~~~~~~~
/home/runner/work/pgi-2025-the_grainy_riddles/pgi-2025-the_grainy_riddles/src/features.c:80:53: error: request for member ‘R’ in something not a structure or union
   80 |     printf("print_pixel(%d %d):%d,%d,%d\n",X,Y,pixel->R,pixel->G,pixel->B);
      |                                                     ^~
/home/runner/work/pgi-2025-the_grainy_riddles/pgi-2025-the_grainy_riddles/src/features.c:80:62: error: request for member ‘G’ in something not a structure or union
   80 |     printf("print_pixel(%d %d):%d,%d,%d\n",X,Y,pixel->R,pixel->G,pixel->B);
      |                                                              ^~
/home/runner/work/pgi-2025-the_grainy_riddles/pgi-2025-the_grainy_riddles/src/features.c:80:71: error: request for member ‘B’ in something not a structure or union
   80 |     printf("print_pixel(%d %d):%d,%d,%d\n",X,Y,pixel->R,pixel->G,pixel->B);
      |                                                                       ^~
/home/runner/work/pgi-2025-the_grainy_riddles/pgi-2025-the_grainy_riddles/src/main.c:58:5: warning: implicit declaration of function ‘second_line’ [-Wimplicit-function-declaration]
   58 |     second_line(configuration.filenames[0]);
      |     ^~~~~~~~~~~
/home/runner/work/pgi-2025-the_grainy_riddles/pgi-2025-the_grainy_riddles/src/features.c: In function ‘max_pixel’:
/home/runner/work/pgi-2025-the_grainy_riddles/pgi-2025-the_grainy_riddles/src/features.c:90:5: error: unknown type name ‘pixelRGB’
   90 |     pixelRGB*max_pixel=get_pixel(data,W,H,CH,0,0);
      |     ^~~~~~~~
/home/runner/work/pgi-2025-the_grainy_riddles/pgi-2025-the_grainy_riddles/src/features.c:90:24: warning: initialization of ‘int *’ from ‘int’ makes pointer from integer without a cast [-Wint-conversion]
   90 |     pixelRGB*max_pixel=get_pixel(data,W,H,CH,0,0);
      |                        ^~~~~~~~~
/home/runner/work/pgi-2025-the_grainy_riddles/pgi-2025-the_grainy_riddles/src/main.c:63:5: warning: implicit declaration of function ‘print_pixel’ [-Wimplicit-function-declaration]
   63 |     print_pixel(configuration.filenames[0] ,atoi(configuration.arguments[0]) ,atoi(configuration.arguments[1]));
      |     ^~~~~~~~~~~
/home/runner/work/pgi-2025-the_grainy_riddles/pgi-2025-the_grainy_riddles/src/features.c:91:9: error: unknown type name ‘pixelRGB’
   91 |         pixelRGB*first_pixel=get_pixel(data,W,H,CH,0,0);
      |         ^~~~~~~~
/home/runner/work/pgi-2025-the_grainy_riddles/pgi-2025-the_grainy_riddles/src/features.c:91:30: warning: initialization of ‘int *’ from ‘int’ makes pointer from integer without a cast [-Wint-conversion]
   91 |         pixelRGB*first_pixel=get_pixel(data,W,H,CH,0,0);
      |                              ^~~~~~~~~
/home/runner/work/pgi-2025-the_grainy_riddles/pgi-2025-the_grainy_riddles/src/features.c:92:29: error: request for member ‘R’ in something not a structure or union
   92 |         int Smax=first_pixel->R+first_pixel->G+first_pixel->B;
      |                             ^~
/home/runner/work/pgi-2025-the_grainy_riddles/pgi-2025-the_grainy_riddles/src/main.c:67:5: warning: implicit declaration of function ‘max_pixel’ [-Wimplicit-function-declaration]
   67 |     max_pixel(configuration.filenames[0]);
      |     ^~~~~~~~~
/home/runner/work/pgi-2025-the_grainy_riddles/pgi-2025-the_grainy_riddles/src/features.c:92:44: error: request for member ‘G’ in something not a structure or union
   92 |         int Smax=first_pixel->R+first_pixel->G+first_pixel->B;
      |                                            ^~
/home/runner/work/pgi-2025-the_grainy_riddles/pgi-2025-the_grainy_riddles/src/features.c:92:59: error: request for member ‘B’ in something not a structure or union
   92 |         int Smax=first_pixel->R+first_pixel->G+first_pixel->B;
      |                                                           ^~
/home/runner/work/pgi-2025-the_grainy_riddles/pgi-2025-the_grainy_riddles/src/main.c:71:5: warning: implicit declaration of function ‘rotate_cw’; did you mean ‘rotate_acw’? [-Wimplicit-function-declaration]
   71 |     rotate_cw(configuration.filenames[0]);
      |     ^~~~~~~~~
      |     rotate_acw
/home/runner/work/pgi-2025-the_grainy_riddles/pgi-2025-the_grainy_riddles/src/features.c:95:13: error: unknown type name ‘pixelRGB’
   95 |             pixelRGB*pixel=get_pixel(data,W,H,CH,X,Y);
      |             ^~~~~~~~
/home/runner/work/pgi-2025-the_grainy_riddles/pgi-2025-the_grainy_riddles/src/features.c:95:28: warning: initialization of ‘int *’ from ‘int’ makes pointer from integer without a cast [-Wint-conversion]
   95 |             pixelRGB*pixel=get_pixel(data,W,H,CH,X,Y);
      |                            ^~~~~~~~~
/home/runner/work/pgi-2025-the_grainy_riddles/pgi-2025-the_grainy_riddles/src/features.c:96:20: error: request for member ‘R’ in something not a structure or union
   96 |             S=pixel->R+pixel->G+pixel->B;
      |                    ^~
/home/runner/work/pgi-2025-the_grainy_riddles/pgi-2025-the_grainy_riddles/src/features.c:96:29: error: request for member ‘G’ in something not a structure or union
   96 |             S=pixel->R+pixel->G+pixel->B;
      |                             ^~
/home/runner/work/pgi-2025-the_grainy_riddles/pgi-2025-the_grainy_riddles/src/features.c:96:38: error: request for member ‘B’ in something not a structure or union
   96 |             S=pixel->R+pixel->G+pixel->B;
      |                                      ^~
/home/runner/work/pgi-2025-the_grainy_riddles/pgi-2025-the_grainy_riddles/src/features.c:105:61: error: request for member ‘R’ in something not a structure or union
  105 |     printf("max_pixel(%d %d):%d,%d,%d\n",Xmax,Ymax,max_pixel->R,max_pixel->G,max_pixel->B);
      |                                                             ^~
/home/runner/work/pgi-2025-the_grainy_riddles/pgi-2025-the_grainy_riddles/src/features.c:105:74: error: request for member ‘G’ in something not a structure or union
  105 |     printf("max_pixel(%d %d):%d,%d,%d\n",Xmax,Ymax,max_pixel->R,max_pixel->G,max_pixel->B);
      |                                                                          ^~
/home/runner/work/pgi-2025-the_grainy_riddles/pgi-2025-the_grainy_riddles/src/main.c:77:5: warning: implicit declaration of function ‘mirror_total’; did you mean ‘mirror_vertical’? [-Wimplicit-function-declaration]
   77 |     mirror_total(configuration.filenames[0]);
      |     ^~~~~~~~~~~~
      |     mirror_vertical
/home/runner/work/pgi-2025-the_grainy_riddles/pgi-2025-the_grainy_riddles/src/features.c:105:87: error: request for member ‘B’ in something not a structure or union
  105 |     printf("max_pixel(%d %d):%d,%d,%d\n",Xmax,Ymax,max_pixel->R,max_pixel->G,max_pixel->B);
      |                                                                                       ^~
/home/runner/work/pgi-2025-the_grainy_riddles/pgi-2025-the_grainy_riddles/src/main.c: At top level:
/home/runner/work/pgi-2025-the_grainy_riddles/pgi-2025-the_grainy_riddles/src/features.c:107:66: error: request for member ‘R’ in something not a structure or union
  107 |     sprintf(res,"max_pixel(%d %d):%d,%d,%d\n",Xmax,Ymax,max_pixel->R,max_pixel->G,max_pixel->B);
      |                                                                  ^~
/home/runner/work/pgi-2025-the_grainy_riddles/pgi-2025-the_grainy_riddles/src/main.c:84:1: error: expected identifier or ‘(’ before ‘}’ token
   84 | }
      | ^
/home/runner/work/pgi-2025-the_grainy_riddles/pgi-2025-the_grainy_riddles/src/features.c:107:79: error: request for member ‘G’ in something not a structure or union
  107 |     sprintf(res,"max_pixel(%d %d):%d,%d,%d\n",Xmax,Ymax,max_pixel->R,max_pixel->G,max_pixel->B);
      |                                                                               ^~
/home/runner/work/pgi-2025-the_grainy_riddles/pgi-2025-the_grainy_riddles/src/features.c:107:92: error: request for member ‘B’ in something not a structure or union
  107 |     sprintf(res,"max_pixel(%d %d):%d,%d,%d\n",Xmax,Ymax,max_pixel->R,max_pixel->G,max_pixel->B);
      |                                                                                            ^~
/home/runner/work/pgi-2025-the_grainy_riddles/pgi-2025-the_grainy_riddles/src/features.c: In function ‘rotate_acw’:
/home/runner/work/pgi-2025-the_grainy_riddles/pgi-2025-the_grainy_riddles/src/features.c:118:13: error: unknown type name ‘pixelRGB’
  118 |             pixelRGB*current_pixel=get_pixel(data,W,H,CH,X,Y);
      |             ^~~~~~~~
/home/runner/work/pgi-2025-the_grainy_riddles/pgi-2025-the_grainy_riddles/src/features.c:118:36: warning: initialization of ‘int *’ from ‘int’ makes pointer from integer without a cast [-Wint-conversion]
  118 |             pixelRGB*current_pixel=get_pixel(data,W,H,CH,X,Y);
      |                                    ^~~~~~~~~
/home/runner/work/pgi-2025-the_grainy_riddles/pgi-2025-the_grainy_riddles/src/features.c:121:13: error: unknown type name ‘pixelRGB’
  121 |             pixelRGB*rotate_acw_pixel=get_pixel(rotate_acw_data,H,W,CH,Xnew,Ynew);
      |             ^~~~~~~~
/home/runner/work/pgi-2025-the_grainy_riddles/pgi-2025-the_grainy_riddles/src/features.c:121:39: warning: initialization of ‘int *’ from ‘int’ makes pointer from integer without a cast [-Wint-conversion]
  121 |             pixelRGB*rotate_acw_pixel=get_pixel(rotate_acw_data,H,W,CH,Xnew,Ynew);
      |                                       ^~~~~~~~~
/home/runner/work/pgi-2025-the_grainy_riddles/pgi-2025-the_grainy_riddles/src/features.c:122:29: error: request for member ‘R’ in something not a structure or union
  122 |             rotate_acw_pixel->R=current_pixel->R;
      |                             ^~
/home/runner/work/pgi-2025-the_grainy_riddles/pgi-2025-the_grainy_riddles/src/features.c:122:46: error: request for member ‘R’ in something not a structure or union
  122 |             rotate_acw_pixel->R=current_pixel->R;
      |                                              ^~
/home/runner/work/pgi-2025-the_grainy_riddles/pgi-2025-the_grainy_riddles/src/features.c:123:29: error: request for member ‘G’ in something not a structure or union
  123 |             rotate_acw_pixel->G=current_pixel->G;
      |                             ^~
gmake[2]: *** [CMakeFiles/freud.dir/build.make:107: CMakeFiles/freud.dir/src/main.c.o] Error 1
/home/runner/work/pgi-2025-the_grainy_riddles/pgi-2025-the_grainy_riddles/src/features.c:123:46: error: request for member ‘G’ in something not a structure or union
  123 |             rotate_acw_pixel->G=current_pixel->G;
      |                                              ^~
/home/runner/work/pgi-2025-the_grainy_riddles/pgi-2025-the_grainy_riddles/src/features.c:124:29: error: request for member ‘B’ in something not a structure or union
  124 |             rotate_acw_pixel->B=current_pixel->B;
      |                             ^~
/home/runner/work/pgi-2025-the_grainy_riddles/pgi-2025-the_grainy_riddles/src/features.c:124:46: error: request for member ‘B’ in something not a structure or union
  124 |             rotate_acw_pixel->B=current_pixel->B;
      |                                              ^~
/home/runner/work/pgi-2025-the_grainy_riddles/pgi-2025-the_grainy_riddles/src/features.c: In function ‘mirror_vertical’:
/home/runner/work/pgi-2025-the_grainy_riddles/pgi-2025-the_grainy_riddles/src/features.c:136:13: error: unknown type name ‘pixelRGB’
  136 |             pixelRGB*current_pixel=get_pixel(data,W,H,CH,X,Y);
      |             ^~~~~~~~
/home/runner/work/pgi-2025-the_grainy_riddles/pgi-2025-the_grainy_riddles/src/features.c:136:36: warning: initialization of ‘int *’ from ‘int’ makes pointer from integer without a cast [-Wint-conversion]
  136 |             pixelRGB*current_pixel=get_pixel(data,W,H,CH,X,Y);
      |                                    ^~~~~~~~~
/home/runner/work/pgi-2025-the_grainy_riddles/pgi-2025-the_grainy_riddles/src/features.c:139:13: error: unknown type name ‘pixelRGB’
  139 |             pixelRGB*mirror_vert_pixel=get_pixel(mirror_vert_data,W,H,CH,Xnew,Ynew);
      |             ^~~~~~~~
/home/runner/work/pgi-2025-the_grainy_riddles/pgi-2025-the_grainy_riddles/src/features.c:139:40: warning: initialization of ‘int *’ from ‘int’ makes pointer from integer without a cast [-Wint-conversion]
  139 |             pixelRGB*mirror_vert_pixel=get_pixel(mirror_vert_data,W,H,CH,Xnew,Ynew);
      |                                        ^~~~~~~~~
/home/runner/work/pgi-2025-the_grainy_riddles/pgi-2025-the_grainy_riddles/src/features.c:140:30: error: request for member ‘R’ in something not a structure or union
  140 |             mirror_vert_pixel->R=current_pixel->R;
      |                              ^~
/home/runner/work/pgi-2025-the_grainy_riddles/pgi-2025-the_grainy_riddles/src/features.c:140:47: error: request for member ‘R’ in something not a structure or union
  140 |             mirror_vert_pixel->R=current_pixel->R;
      |                                               ^~
/home/runner/work/pgi-2025-the_grainy_riddles/pgi-2025-the_grainy_riddles/src/features.c:141:30: error: request for member ‘G’ in something not a structure or union
  141 |             mirror_vert_pixel->G=current_pixel->G;
      |                              ^~
/home/runner/work/pgi-2025-the_grainy_riddles/pgi-2025-the_grainy_riddles/src/features.c:141:47: error: request for member ‘G’ in something not a structure or union
  141 |             mirror_vert_pixel->G=current_pixel->G;
      |                                               ^~
/home/runner/work/pgi-2025-the_grainy_riddles/pgi-2025-the_grainy_riddles/src/features.c:142:30: error: request for member ‘B’ in something not a structure or union
  142 |             mirror_vert_pixel->B=current_pixel->B;
      |                              ^~
/home/runner/work/pgi-2025-the_grainy_riddles/pgi-2025-the_grainy_riddles/src/features.c:142:47: error: request for member ‘B’ in something not a structure or union
  142 |             mirror_vert_pixel->B=current_pixel->B;
      |                                               ^~
/home/runner/work/pgi-2025-the_grainy_riddles/pgi-2025-the_grainy_riddles/src/features.c: In function ‘mirror_total’:
/home/runner/work/pgi-2025-the_grainy_riddles/pgi-2025-the_grainy_riddles/src/features.c:154:13: error: unknown type name ‘pixelRGB’
  154 |             pixelRGB*current_pixel=get_pixel(data,W,H,CH,X,Y);
      |             ^~~~~~~~
/home/runner/work/pgi-2025-the_grainy_riddles/pgi-2025-the_grainy_riddles/src/features.c:154:36: warning: initialization of ‘int *’ from ‘int’ makes pointer from integer without a cast [-Wint-conversion]
  154 |             pixelRGB*current_pixel=get_pixel(data,W,H,CH,X,Y);
      |                                    ^~~~~~~~~
/home/runner/work/pgi-2025-the_grainy_riddles/pgi-2025-the_grainy_riddles/src/features.c:157:13: error: unknown type name ‘pixelRGB’
  157 |             pixelRGB*mirror_tot_pixel=get_pixel(mirror_tot_data,W,H,CH,Xnew,Ynew);
      |             ^~~~~~~~
/home/runner/work/pgi-2025-the_grainy_riddles/pgi-2025-the_grainy_riddles/src/features.c:157:39: warning: initialization of ‘int *’ from ‘int’ makes pointer from integer without a cast [-Wint-conversion]
  157 |             pixelRGB*mirror_tot_pixel=get_pixel(mirror_tot_data,W,H,CH,Xnew,Ynew);
      |                                       ^~~~~~~~~
/home/runner/work/pgi-2025-the_grainy_riddles/pgi-2025-the_grainy_riddles/src/features.c:158:29: error: request for member ‘R’ in something not a structure or union
  158 |             mirror_tot_pixel->R=current_pixel->R;
      |                             ^~
/home/runner/work/pgi-2025-the_grainy_riddles/pgi-2025-the_grainy_riddles/src/features.c:158:46: error: request for member ‘R’ in something not a structure or union
  158 |             mirror_tot_pixel->R=current_pixel->R;
      |                                              ^~
/home/runner/work/pgi-2025-the_grainy_riddles/pgi-2025-the_grainy_riddles/src/features.c:159:29: error: request for member ‘G’ in something not a structure or union
  159 |             mirror_tot_pixel->G=current_pixel->G;
      |                             ^~
/home/runner/work/pgi-2025-the_grainy_riddles/pgi-2025-the_grainy_riddles/src/features.c:159:46: error: request for member ‘G’ in something not a structure or union
  159 |             mirror_tot_pixel->G=current_pixel->G;
      |                                              ^~
/home/runner/work/pgi-2025-the_grainy_riddles/pgi-2025-the_grainy_riddles/src/features.c:160:29: error: request for member ‘B’ in something not a structure or union
  160 |             mirror_tot_pixel->B=current_pixel->B;
      |                             ^~
/home/runner/work/pgi-2025-the_grainy_riddles/pgi-2025-the_grainy_riddles/src/features.c:160:46: error: request for member ‘B’ in something not a structure or union
  160 |             mirror_tot_pixel->B=current_pixel->B;
      |                                              ^~
/home/runner/work/pgi-2025-the_grainy_riddles/pgi-2025-the_grainy_riddles/src/features.c: In function ‘scale_crop’:
/home/runner/work/pgi-2025-the_grainy_riddles/pgi-2025-the_grainy_riddles/src/features.c:179:13: error: unknown type name ‘pixelRGB’
  179 |             pixelRGB*current_og_pixel = get_pixel(data,og_W,og_H,CH,X+first_X,Y+first_Y);
      |             ^~~~~~~~
/home/runner/work/pgi-2025-the_grainy_riddles/pgi-2025-the_grainy_riddles/src/features.c:179:41: warning: initialization of ‘int *’ from ‘int’ makes pointer from integer without a cast [-Wint-conversion]
  179 |             pixelRGB*current_og_pixel = get_pixel(data,og_W,og_H,CH,X+first_X,Y+first_Y);
      |                                         ^~~~~~~~~
/home/runner/work/pgi-2025-the_grainy_riddles/pgi-2025-the_grainy_riddles/src/features.c:180:13: error: unknown type name ‘pixelRGB’
  180 |             pixelRGB*current_data_cropped_pixel = get_pixel(cropped_data,W,H,CH,X,Y);
      |             ^~~~~~~~
/home/runner/work/pgi-2025-the_grainy_riddles/pgi-2025-the_grainy_riddles/src/features.c:180:51: warning: initialization of ‘int *’ from ‘int’ makes pointer from integer without a cast [-Wint-conversion]
  180 |             pixelRGB*current_data_cropped_pixel = get_pixel(cropped_data,W,H,CH,X,Y);
      |                                                   ^~~~~~~~~
/home/runner/work/pgi-2025-the_grainy_riddles/pgi-2025-the_grainy_riddles/src/features.c:181:39: error: request for member ‘R’ in something not a structure or union
  181 |             current_data_cropped_pixel->R=current_og_pixel->R;
      |                                       ^~
/home/runner/work/pgi-2025-the_grainy_riddles/pgi-2025-the_grainy_riddles/src/features.c:181:59: error: request for member ‘R’ in something not a structure or union
  181 |             current_data_cropped_pixel->R=current_og_pixel->R;
      |                                                           ^~
/home/runner/work/pgi-2025-the_grainy_riddles/pgi-2025-the_grainy_riddles/src/features.c:182:39: error: request for member ‘G’ in something not a structure or union
  182 |             current_data_cropped_pixel->G=current_og_pixel->G;
      |                                       ^~
/home/runner/work/pgi-2025-the_grainy_riddles/pgi-2025-the_grainy_riddles/src/features.c:182:59: error: request for member ‘G’ in something not a structure or union
  182 |             current_data_cropped_pixel->G=current_og_pixel->G;
      |                                                           ^~
/home/runner/work/pgi-2025-the_grainy_riddles/pgi-2025-the_grainy_riddles/src/features.c:183:39: error: request for member ‘B’ in something not a structure or union
  183 |             current_data_cropped_pixel->B=current_og_pixel->B;
      |                                       ^~
/home/runner/work/pgi-2025-the_grainy_riddles/pgi-2025-the_grainy_riddles/src/features.c:183:59: error: request for member ‘B’ in something not a structure or union
  183 |             current_data_cropped_pixel->B=current_og_pixel->B;
      |                                                           ^~
gmake[2]: *** [CMakeFiles/freud.dir/build.make:93: CMakeFiles/freud.dir/src/features.c.o] Error 1
gmake[1]: *** [CMakeFiles/Makefile2:87: CMakeFiles/freud.dir/all] Error 2
gmake: *** [Makefile:136: all] Error 2

The process '/usr/local/bin/cmake' failed with exit code 2