In file included from /home/runner/work/pgi-2025-the_grainy_riddles/pgi-2025-the_grainy_riddles/src/utils.c:4:
/home/runner/work/pgi-2025-the_grainy_riddles/pgi-2025-the_grainy_riddles/src/utils.h:1: error: unterminated #ifndef
    1 | #ifndef UTILS_H
      | 
In file included from /home/runner/work/pgi-2025-the_grainy_riddles/pgi-2025-the_grainy_riddles/src/features.c:5:
/home/runner/work/pgi-2025-the_grainy_riddles/pgi-2025-the_grainy_riddles/src/utils.h:1: error: unterminated #ifndef
    1 | #ifndef UTILS_H
      | 
gmake[2]: *** [CMakeFiles/freud.dir/build.make:121: CMakeFiles/freud.dir/src/utils.c.o] Error 1
gmake[2]: *** Waiting for unfinished jobs....
/home/runner/work/pgi-2025-the_grainy_riddles/pgi-2025-the_grainy_riddles/src/features.c: In function ‘mirror_horizontal’:
/home/runner/work/pgi-2025-the_grainy_riddles/pgi-2025-the_grainy_riddles/src/features.c:48:13: error: unknown type name ‘pixelRGB’
   48 |             pixelRGB*current_pixel=get_pixel(data,W,H,CH,X,Y);
      |             ^~~~~~~~
/home/runner/work/pgi-2025-the_grainy_riddles/pgi-2025-the_grainy_riddles/src/features.c:48:36: warning: implicit declaration of function ‘get_pixel’; did you mean ‘first_pixel’? [-Wimplicit-function-declaration]
   48 |             pixelRGB*current_pixel=get_pixel(data,W,H,CH,X,Y);
      |                                    ^~~~~~~~~
      |                                    first_pixel
/home/runner/work/pgi-2025-the_grainy_riddles/pgi-2025-the_grainy_riddles/src/features.c:48:36: warning: initialization of ‘int *’ from ‘int’ makes pointer from integer without a cast [-Wint-conversion]
/home/runner/work/pgi-2025-the_grainy_riddles/pgi-2025-the_grainy_riddles/src/features.c:51:13: error: unknown type name ‘pixelRGB’
   51 |             pixelRGB*mirror_hor_pixel = get_pixel(mirror_hor_data,W,H,CH,Xnew,Ynew);
      |             ^~~~~~~~
/home/runner/work/pgi-2025-the_grainy_riddles/pgi-2025-the_grainy_riddles/src/features.c:51:41: warning: initialization of ‘int *’ from ‘int’ makes pointer from integer without a cast [-Wint-conversion]
   51 |             pixelRGB*mirror_hor_pixel = get_pixel(mirror_hor_data,W,H,CH,Xnew,Ynew);
      |                                         ^~~~~~~~~
/home/runner/work/pgi-2025-the_grainy_riddles/pgi-2025-the_grainy_riddles/src/features.c:52:29: error: request for member ‘R’ in something not a structure or union
   52 |             mirror_hor_pixel->R=current_pixel->R;
      |                             ^~
/home/runner/work/pgi-2025-the_grainy_riddles/pgi-2025-the_grainy_riddles/src/features.c:52:46: error: request for member ‘R’ in something not a structure or union
   52 |             mirror_hor_pixel->R=current_pixel->R;
      |                                              ^~
/home/runner/work/pgi-2025-the_grainy_riddles/pgi-2025-the_grainy_riddles/src/features.c:53:29: error: request for member ‘G’ in something not a structure or union
   53 |             mirror_hor_pixel->G=current_pixel->G;
      |                             ^~
/home/runner/work/pgi-2025-the_grainy_riddles/pgi-2025-the_grainy_riddles/src/features.c:53:46: error: request for member ‘G’ in something not a structure or union
   53 |             mirror_hor_pixel->G=current_pixel->G;
      |                                              ^~
/home/runner/work/pgi-2025-the_grainy_riddles/pgi-2025-the_grainy_riddles/src/features.c:54:29: error: request for member ‘B’ in something not a structure or union
   54 |             mirror_hor_pixel->B=current_pixel->B;
      |                             ^~
/home/runner/work/pgi-2025-the_grainy_riddles/pgi-2025-the_grainy_riddles/src/features.c:54:46: error: request for member ‘B’ in something not a structure or union
   54 |             mirror_hor_pixel->B=current_pixel->B;
      |                                              ^~
/home/runner/work/pgi-2025-the_grainy_riddles/pgi-2025-the_grainy_riddles/src/features.c: In function ‘print_pixel’:
/home/runner/work/pgi-2025-the_grainy_riddles/pgi-2025-the_grainy_riddles/src/features.c:79:5: error: unknown type name ‘pixelRGB’
   79 |     pixelRGB * pixel = get_pixel(data,W,H,CH,X,Y);
      |     ^~~~~~~~
/home/runner/work/pgi-2025-the_grainy_riddles/pgi-2025-the_grainy_riddles/src/features.c:79:24: warning: initialization of ‘int *’ from ‘int’ makes pointer from integer without a cast [-Wint-conversion]
   79 |     pixelRGB * pixel = get_pixel(data,W,H,CH,X,Y);
      |                        ^~~~~~~~~
/home/runner/work/pgi-2025-the_grainy_riddles/pgi-2025-the_grainy_riddles/src/features.c:80:53: error: request for member ‘R’ in something not a structure or union
   80 |     printf("print_pixel(%d %d):%d,%d,%d\n",X,Y,pixel->R,pixel->G,pixel->B);
      |                                                     ^~
/home/runner/work/pgi-2025-the_grainy_riddles/pgi-2025-the_grainy_riddles/src/features.c:80:62: error: request for member ‘G’ in something not a structure or union
   80 |     printf("print_pixel(%d %d):%d,%d,%d\n",X,Y,pixel->R,pixel->G,pixel->B);
      |                                                              ^~
/home/runner/work/pgi-2025-the_grainy_riddles/pgi-2025-the_grainy_riddles/src/features.c:80:71: error: request for member ‘B’ in something not a structure or union
   80 |     printf("print_pixel(%d %d):%d,%d,%d\n",X,Y,pixel->R,pixel->G,pixel->B);
      |                                                                       ^~
/home/runner/work/pgi-2025-the_grainy_riddles/pgi-2025-the_grainy_riddles/src/features.c: In function ‘max_pixel’:
/home/runner/work/pgi-2025-the_grainy_riddles/pgi-2025-the_grainy_riddles/src/features.c:90:5: error: unknown type name ‘pixelRGB’
   90 |     pixelRGB*max_pixel=get_pixel(data,W,H,CH,0,0);
      |     ^~~~~~~~
/home/runner/work/pgi-2025-the_grainy_riddles/pgi-2025-the_grainy_riddles/src/features.c:90:24: warning: initialization of ‘int *’ from ‘int’ makes pointer from integer without a cast [-Wint-conversion]
   90 |     pixelRGB*max_pixel=get_pixel(data,W,H,CH,0,0);
      |                        ^~~~~~~~~
/home/runner/work/pgi-2025-the_grainy_riddles/pgi-2025-the_grainy_riddles/src/features.c:91:9: error: unknown type name ‘pixelRGB’
   91 |         pixelRGB*first_pixel=get_pixel(data,W,H,CH,0,0);
      |         ^~~~~~~~
/home/runner/work/pgi-2025-the_grainy_riddles/pgi-2025-the_grainy_riddles/src/features.c:91:30: warning: initialization of ‘int *’ from ‘int’ makes pointer from integer without a cast [-Wint-conversion]
   91 |         pixelRGB*first_pixel=get_pixel(data,W,H,CH,0,0);
      |                              ^~~~~~~~~
/home/runner/work/pgi-2025-the_grainy_riddles/pgi-2025-the_grainy_riddles/src/features.c:92:29: error: request for member ‘R’ in something not a structure or union
   92 |         int Smax=first_pixel->R+first_pixel->G+first_pixel->B;
      |                             ^~
/home/runner/work/pgi-2025-the_grainy_riddles/pgi-2025-the_grainy_riddles/src/features.c:92:44: error: request for member ‘G’ in something not a structure or union
   92 |         int Smax=first_pixel->R+first_pixel->G+first_pixel->B;
      |                                            ^~
/home/runner/work/pgi-2025-the_grainy_riddles/pgi-2025-the_grainy_riddles/src/features.c:92:59: error: request for member ‘B’ in something not a structure or union
   92 |         int Smax=first_pixel->R+first_pixel->G+first_pixel->B;
      |                                                           ^~
In file included from /home/runner/work/pgi-2025-the_grainy_riddles/pgi-2025-the_grainy_riddles/src/main.c:9:
/home/runner/work/pgi-2025-the_grainy_riddles/pgi-2025-the_grainy_riddles/src/utils.h:1: error: unterminated #ifndef
    1 | #ifndef UTILS_H
      | 
/home/runner/work/pgi-2025-the_grainy_riddles/pgi-2025-the_grainy_riddles/src/features.c:95:13: error: unknown type name ‘pixelRGB’
   95 |             pixelRGB*pixel=get_pixel(data,W,H,CH,X,Y);
      |             ^~~~~~~~
/home/runner/work/pgi-2025-the_grainy_riddles/pgi-2025-the_grainy_riddles/src/features.c:95:28: warning: initialization of ‘int *’ from ‘int’ makes pointer from integer without a cast [-Wint-conversion]
   95 |             pixelRGB*pixel=get_pixel(data,W,H,CH,X,Y);
      |                            ^~~~~~~~~
/home/runner/work/pgi-2025-the_grainy_riddles/pgi-2025-the_grainy_riddles/src/features.c:96:20: error: request for member ‘R’ in something not a structure or union
   96 |             S=pixel->R+pixel->G+pixel->B;
      |                    ^~
/home/runner/work/pgi-2025-the_grainy_riddles/pgi-2025-the_grainy_riddles/src/main.c: In function ‘main’:
/home/runner/work/pgi-2025-the_grainy_riddles/pgi-2025-the_grainy_riddles/src/features.c:96:29: error: request for member ‘G’ in something not a structure or union
   96 |             S=pixel->R+pixel->G+pixel->B;
      |                             ^~
/home/runner/work/pgi-2025-the_grainy_riddles/pgi-2025-the_grainy_riddles/src/main.c:37:1: error: version control conflict marker in file
   37 | <<<<<<< HEAD
      | ^~~~~~~
/home/runner/work/pgi-2025-the_grainy_riddles/pgi-2025-the_grainy_riddles/src/features.c:96:38: error: request for member ‘B’ in something not a structure or union
   96 |             S=pixel->R+pixel->G+pixel->B;
      |                                      ^~
/home/runner/work/pgi-2025-the_grainy_riddles/pgi-2025-the_grainy_riddles/src/main.c: At top level:
/home/runner/work/pgi-2025-the_grainy_riddles/pgi-2025-the_grainy_riddles/src/main.c:73:1: error: version control conflict marker in file
   73 | =======
      | ^~~~~~~
/home/runner/work/pgi-2025-the_grainy_riddles/pgi-2025-the_grainy_riddles/src/features.c:105:61: error: request for member ‘R’ in something not a structure or union
  105 |     printf("max_pixel(%d %d):%d,%d,%d\n",Xmax,Ymax,max_pixel->R,max_pixel->G,max_pixel->B);
      |                                                             ^~
/home/runner/work/pgi-2025-the_grainy_riddles/pgi-2025-the_grainy_riddles/src/main.c:76:1: error: version control conflict marker in file
   76 | >>>>>>> c660984 (git commit -m "Ajout de la fonction mirror_horizontal pour retourner l'image horizontalement")
      | ^~~~~~~
/home/runner/work/pgi-2025-the_grainy_riddles/pgi-2025-the_grainy_riddles/src/features.c:105:74: error: request for member ‘G’ in something not a structure or union
  105 |     printf("max_pixel(%d %d):%d,%d,%d\n",Xmax,Ymax,max_pixel->R,max_pixel->G,max_pixel->B);
      |                                                                          ^~
/home/runner/work/pgi-2025-the_grainy_riddles/pgi-2025-the_grainy_riddles/src/features.c:105:87: error: request for member ‘B’ in something not a structure or union
  105 |     printf("max_pixel(%d %d):%d,%d,%d\n",Xmax,Ymax,max_pixel->R,max_pixel->G,max_pixel->B);
      |                                                                                       ^~
/home/runner/work/pgi-2025-the_grainy_riddles/pgi-2025-the_grainy_riddles/src/features.c:107:66: error: request for member ‘R’ in something not a structure or union
  107 |     sprintf(res,"max_pixel(%d %d):%d,%d,%d\n",Xmax,Ymax,max_pixel->R,max_pixel->G,max_pixel->B);
      |                                                                  ^~
/home/runner/work/pgi-2025-the_grainy_riddles/pgi-2025-the_grainy_riddles/src/features.c:107:79: error: request for member ‘G’ in something not a structure or union
  107 |     sprintf(res,"max_pixel(%d %d):%d,%d,%d\n",Xmax,Ymax,max_pixel->R,max_pixel->G,max_pixel->B);
      |                                                                               ^~
/home/runner/work/pgi-2025-the_grainy_riddles/pgi-2025-the_grainy_riddles/src/features.c:107:92: error: request for member ‘B’ in something not a structure or union
  107 |     sprintf(res,"max_pixel(%d %d):%d,%d,%d\n",Xmax,Ymax,max_pixel->R,max_pixel->G,max_pixel->B);
      |                                                                                            ^~
/home/runner/work/pgi-2025-the_grainy_riddles/pgi-2025-the_grainy_riddles/src/features.c: In function ‘rotate_acw’:
/home/runner/work/pgi-2025-the_grainy_riddles/pgi-2025-the_grainy_riddles/src/features.c:118:13: error: unknown type name ‘pixelRGB’
  118 |             pixelRGB*current_pixel=get_pixel(data,W,H,CH,X,Y);
      |             ^~~~~~~~
/home/runner/work/pgi-2025-the_grainy_riddles/pgi-2025-the_grainy_riddles/src/features.c:118:36: warning: initialization of ‘int *’ from ‘int’ makes pointer from integer without a cast [-Wint-conversion]
  118 |             pixelRGB*current_pixel=get_pixel(data,W,H,CH,X,Y);
      |                                    ^~~~~~~~~
/home/runner/work/pgi-2025-the_grainy_riddles/pgi-2025-the_grainy_riddles/src/main.c:80:1: error: expected identifier or ‘(’ before ‘}’ token
   80 | }
      | ^
/home/runner/work/pgi-2025-the_grainy_riddles/pgi-2025-the_grainy_riddles/src/features.c:121:13: error: unknown type name ‘pixelRGB’
  121 |             pixelRGB*rotate_acw_pixel=get_pixel(rotate_acw_data,H,W,CH,Xnew,Ynew);
      |             ^~~~~~~~
/home/runner/work/pgi-2025-the_grainy_riddles/pgi-2025-the_grainy_riddles/src/features.c:121:39: warning: initialization of ‘int *’ from ‘int’ makes pointer from integer without a cast [-Wint-conversion]
  121 |             pixelRGB*rotate_acw_pixel=get_pixel(rotate_acw_data,H,W,CH,Xnew,Ynew);
      |                                       ^~~~~~~~~
/home/runner/work/pgi-2025-the_grainy_riddles/pgi-2025-the_grainy_riddles/src/features.c:122:29: error: request for member ‘R’ in something not a structure or union
  122 |             rotate_acw_pixel->R=current_pixel->R;
      |                             ^~
/home/runner/work/pgi-2025-the_grainy_riddles/pgi-2025-the_grainy_riddles/src/features.c:122:46: error: request for member ‘R’ in something not a structure or union
  122 |             rotate_acw_pixel->R=current_pixel->R;
      |                                              ^~
/home/runner/work/pgi-2025-the_grainy_riddles/pgi-2025-the_grainy_riddles/src/features.c:123:29: error: request for member ‘G’ in something not a structure or union
  123 |             rotate_acw_pixel->G=current_pixel->G;
      |                             ^~
/home/runner/work/pgi-2025-the_grainy_riddles/pgi-2025-the_grainy_riddles/src/features.c:123:46: error: request for member ‘G’ in something not a structure or union
  123 |             rotate_acw_pixel->G=current_pixel->G;
      |                                              ^~
/home/runner/work/pgi-2025-the_grainy_riddles/pgi-2025-the_grainy_riddles/src/features.c:124:29: error: request for member ‘B’ in something not a structure or union
  124 |             rotate_acw_pixel->B=current_pixel->B;
      |                             ^~
/home/runner/work/pgi-2025-the_grainy_riddles/pgi-2025-the_grainy_riddles/src/features.c:124:46: error: request for member ‘B’ in something not a structure or union
  124 |             rotate_acw_pixel->B=current_pixel->B;
      |                                              ^~
gmake[2]: *** [CMakeFiles/freud.dir/build.make:107: CMakeFiles/freud.dir/src/main.c.o] Error 1
gmake[2]: *** [CMakeFiles/freud.dir/build.make:93: CMakeFiles/freud.dir/src/features.c.o] Error 1
gmake[1]: *** [CMakeFiles/Makefile2:87: CMakeFiles/freud.dir/all] Error 2
gmake: *** [Makefile:136: all] Error 2

The process '/usr/local/bin/cmake' failed with exit code 2